[dotenv@17.2.3] injecting env (9) from .env.local -- tip: ΓÜÖ∩╕Å  suppress all logs with { quiet: true }
≡ƒöº Fixing E. Adiguzel games...

node.exe : (node:35272) [MODULE_TYPELESS_PACKAGE_JSON] Warning: Module type 
of file:///C:/Users/ucric/prospectcal/scripts/fix-adiguzel-games.ts is not 
specified and it doesn't parse as CommonJS.
At line:1 char:1
+ & "C:\Program Files\nodejs/node.exe" "C:\Program Files\nodejs/node_mo ...
+ ~~~~~~~~~~~~~~~~~~~~~~~~~~~~~~~~~~~~~~~~~~~~~~~~~~~~~~~~~~~~~~~~~~~~~
    + CategoryInfo          : NotSpecified: ((node:35272) [M...se as Common 
   JS.:String) [], RemoteException
    + FullyQualifiedErrorId : NativeCommandError
 
Reparsing as ES module because module syntax was detected. This incurs a 
performance overhead.
To eliminate this warning, add "type": "module" to 
C:\Users\ucric\prospectcal\package.json.
(Use `node --trace-warnings ...` to show where the warning was created)
Found: E. Adiguzel (Besiktas)
Prospect ID: 3e831c57-98ad-48f6-b384-bdb44eeae141

Old games in prospect_games: 0

Γ£à E. Adiguzel should now show correct Besiktas games from international_team_schedules!
   Refresh your calendar to see the fix.
