[dotenv@17.2.3] injecting env (9) from .env.local -- tip: ΓÜÖ∩╕Å  enable debug logging with { debug: true }
Creating profile for Clerk user: user_35RaTH4KLKMRLZo7gV3kPMNS4Ut

node.exe : (node:7036) [MODULE_TYPELESS_PACKAGE_JSON] Warning: Module type 
of file:///C:/Users/ucric/prospectcal/scripts/create-user-profile.ts is not 
specified and it doesn't parse as CommonJS.
At line:1 char:1
+ & "C:\Program Files\nodejs/node.exe" "C:\Program Files\nodejs/node_mo ...
+ ~~~~~~~~~~~~~~~~~~~~~~~~~~~~~~~~~~~~~~~~~~~~~~~~~~~~~~~~~~~~~~~~~~~~~
    + CategoryInfo          : NotSpecified: ((node:7036) [MO...se as Common 
   JS.:String) [], RemoteException
    + FullyQualifiedErrorId : NativeCommandError
 
Reparsing as ES module because module syntax was detected. This incurs a 
performance overhead.
To eliminate this warning, add "type": "module" to 
C:\Users\ucric\prospectcal\package.json.
(Use `node --trace-warnings ...` to show where the warning was created)
Creating new profile...
Γ¥î Error creating profile: {
  code: 'PGRST205',
  details: null,
  hint: "Perhaps you meant the table 'public.prospects'",
  message: "Could not find the table 'public.profiles' in the schema cache"
}
